Dump from Source/commands.cpp:60
Error type: SimpleDump
* [0]
  [NONE] 
  [NONE] 
  [NONE] 
  [NONE] 
  [NONE] 
  [NONE] 
  [NONE] 

--------------------------------------------------------------------------------
Dump from Source/commands.cpp:60
Error type: SimpleDump
* [0]
* [0]
  [NONE] 
  [NONE] 
  [NONE] 
  [NONE] 
  [NONE] 
  [NONE] 

--------------------------------------------------------------------------------
Dump from Source/commands.cpp:60
Error type: SimpleDump
* [0]
  [NONE] 
  [NONE] 
  [NONE] 
  [NONE] 
  [NONE] 
  [NONE] 
  [NONE] 

--------------------------------------------------------------------------------
Dump from Source/commands.cpp:60
Error type: SimpleDump
* [0]
* [0]
  [NONE] 
  [NONE] 
  [NONE] 
  [NONE] 
  [NONE] 
  [NONE] 

--------------------------------------------------------------------------------
Dump from Source/commands.cpp:60
Error type: SimpleDump
* [0]
  [NONE] 
  [NONE] 
  [NONE] 
  [NONE] 
  [NONE] 
  [NONE] 
  [NONE] 

--------------------------------------------------------------------------------
Dump from Source/commands.cpp:60
Error type: SimpleDump
* [0]
* [0]
  [NONE] 
  [NONE] 
  [NONE] 
  [NONE] 
  [NONE] 
  [NONE] 

--------------------------------------------------------------------------------
Dump from Source/commands.cpp:60
Error type: SimpleDump
* [0]
  [NONE] 
  [NONE] 
  [NONE] 
  [NONE] 
  [NONE] 
  [NONE] 
  [NONE] 

--------------------------------------------------------------------------------
Dump from Source/commands.cpp:60
Error type: SimpleDump
* [0]
* [0]
  [NONE] 
  [NONE] 
  [NONE] 
  [NONE] 
  [NONE] 
  [NONE] 

--------------------------------------------------------------------------------
Dump from Source/commands.cpp:60
Error type: SimpleDump
* [0]
  [NONE] 
  [NONE] 
  [NONE] 
  [NONE] 
  [NONE] 
  [NONE] 
  [NONE] 

--------------------------------------------------------------------------------
Dump from Source/commands.cpp:60
Error type: SimpleDump
  [NONE] 
  [NONE] 
  [NONE] 
  [NONE] 
  [NONE] 
  [NONE] 
  [NONE] 
  [NONE] 

--------------------------------------------------------------------------------
Dump from Source/commands.cpp:60
Error type: SimpleDump
  [NONE] 
  [NONE] 
  [NONE] 
  [NONE] 
  [NONE] 
  [NONE] 
  [NONE] 
  [NONE] 

--------------------------------------------------------------------------------
